[backblue.gif]
[fade.gif]
[index.html]
[safe-woodland-91444.herokuapp.com/index.html]
[cdn.jsdelivr.net/npm/bootstrap@5.0.0-beta3/dist/css/bootstrap.min.css]
[safe-woodland-91444.herokuapp.com/stylesheets/home.css]
[safe-woodland-91444.herokuapp.com/collegeQuora.html]
[cdn.jsdelivr.net/npm/bootstrap@5.0.0-beta3/dist/js/bootstrap.bundle.min.js]
[safe-woodland-91444.herokuapp.com/login.html]
[safe-woodland-91444.herokuapp.com/register.html]
[safe-woodland-91444.herokuapp.com/javascripts/validateForm.js]
[safe-woodland-91444.herokuapp.com/javascripts/indexjs.js]
[safe-woodland-91444.herokuapp.com/javascripts/voteColor.js]
[safe-woodland-91444.herokuapp.com/javascripts/validatePhotoes.js]
[cdn.jsdelivr.net/npm/bootstrap@5.0.2/dist/js/bootstrap.bundle.min.js]
[cdn.jsdelivr.net/npm/darkmode-js@1.5.7/lib/darkmode-js.min.js]
[images.pexels.com/photos/356079/pexels-photo-356079f3e0.jpg]
[cdn.jsdelivr.net/npm/bootstrap@5.0.2/dist/css/bootstrap.min.css]
[cdn.jsdelivr.net/npm/bootstrap-icons@1.4.0/font/bootstrap-icons.css]
[safe-woodland-91444.herokuapp.com/stylesheets/styleSheet.css]
[safe-woodland-91444.herokuapp.com/profile/60f1530109172300152b4b0b.html]
[safe-woodland-91444.herokuapp.com/collegeQuora/60f1531009172300152b4b11.html]
[safe-woodland-91444.herokuapp.com/profile/60f19e5f8230090015420c7a.html]
[safe-woodland-91444.herokuapp.com/collegeQuora/60f19e898230090015420c80.html]
[safe-woodland-91444.herokuapp.com/profile/60f1a0368230090015420cbb.html]
[cdn.jsdelivr.net/npm/bootstrap-icons@1.4.0/font/fonts/bootstrap-iconse36a.woff2]
[cdn.jsdelivr.net/npm/bootstrap-icons@1.4.0/font/fonts/bootstrap-iconse36a.woff]
[safe-woodland-91444.herokuapp.com/collegeQuora/60f1a2018230090015420cf1.html]
[safe-woodland-91444.herokuapp.com/collegeQuora/60f1a3c18230090015420d2d.html]
[safe-woodland-91444.herokuapp.com/collegeQuora/60f1a5288230090015420d3e.html]
[safe-woodland-91444.herokuapp.com/profile/60f3d8f5059c840015c40e69.html]
[safe-woodland-91444.herokuapp.com/collegeQuora/60f3d93b059c840015c40e6f.html]
[safe-woodland-91444.herokuapp.com/collegeQuora/60f3d93b059c840015c40e72.html]
[safe-woodland-91444.herokuapp.com/profile/610183b7e968f40015965095.html]
[safe-woodland-91444.herokuapp.com/collegeQuora/6101849fe968f400159650a6.html]
[safe-woodland-91444.herokuapp.com/profile/6103e085a665e00015229f3b.html]
[safe-woodland-91444.herokuapp.com/collegeQuora/6103e1a1a665e00015229fb5.html]
[safe-woodland-91444.herokuapp.com/profile/6103f601a665e0001522a0b3.html]
[res.cloudinary.com/dauxdhnsr/image/upload/v1627425466/College-Quora/ro7xqwsm6gpzkeeficmr.jpg]
[safe-woodland-91444.herokuapp.com/collegeQuora/6103f650a665e0001522a0be.html]
[res.cloudinary.com/dauxdhnsr/image/upload/v1627489537/College-Quora/mxlhbdsplzasvodem51k.jpg]
[safe-woodland-91444.herokuapp.com/profile/62dd89c9f98b7b0015aebc1a.html]
[safe-woodland-91444.herokuapp.com/collegeQuora/62dd8a2ff98b7b0015aebc22.html]
[upload.wikimedia.org/wikipedia/commons/thumb/5/53/Google__G__Logo.svg/512px-Google__G__Logo.svg.png]
[res.cloudinary.com/dauxdhnsr/image/upload/v1627491440/College-Quora/qlyackofrktykjsyqbn4.jpg]
[res.cloudinary.com/dauxdhnsr/image/upload/v1627646301/College-Quora/i6sxloia6jthcaljgabq.jpg]
[safe-woodland-91444.herokuapp.com/login/google]
[safe-woodland-91444.herokuapp.com/collegeQuora/60f1531009172300152b4b11/upvote/60f19e0b8230090015420c73]
[safe-woodland-91444.herokuapp.com/collegeQuora/60f1531009172300152b4b11/downvote/60f19e0b8230090015420c73]
[safe-woodland-91444.herokuapp.com/profile/60f19da78230090015420c6a.html]
[safe-woodland-91444.herokuapp.com/collegeQuora/60f1531009172300152b4b11/upvote/61008aba03f89b0015475e7c]
[safe-woodland-91444.herokuapp.com/collegeQuora/60f1531009172300152b4b11/downvote/61008aba03f89b0015475e7c]
[safe-woodland-91444.herokuapp.com/collegeQuora/60f1531009172300152b4b11/upvote/60f27b1d79df120015c06eea]
[safe-woodland-91444.herokuapp.com/collegeQuora/60f1531009172300152b4b11/downvote/60f27b1d79df120015c06eea]
[safe-woodland-91444.herokuapp.com/collegeQuora/60f1531009172300152b4b11/upvote/61018501e968f400159650c3]
[safe-woodland-91444.herokuapp.com/collegeQuora/60f1531009172300152b4b11/downvote/61018501e968f400159650c3]
[safe-woodland-91444.herokuapp.com/collegeQuora/60f19e898230090015420c80/upvote/60f1a0118230090015420cad]
[safe-woodland-91444.herokuapp.com/collegeQuora/60f19e898230090015420c80/downvote/60f1a0118230090015420cad]
[safe-woodland-91444.herokuapp.com/collegeQuora/60f19e898230090015420c80/upvote/60f19f508230090015420c8c]
[safe-woodland-91444.herokuapp.com/collegeQuora/60f19e898230090015420c80/downvote/60f19f508230090015420c8c]
[safe-woodland-91444.herokuapp.com/collegeQuora/60f19e898230090015420c80/upvote/60f19fc08230090015420c9c]
[safe-woodland-91444.herokuapp.com/collegeQuora/60f19e898230090015420c80/downvote/60f19fc08230090015420c9c]
[safe-woodland-91444.herokuapp.com/collegeQuora/60f19e898230090015420c80/upvote/60f1a0958230090015420ccb]
[safe-woodland-91444.herokuapp.com/collegeQuora/60f19e898230090015420c80/downvote/60f1a0958230090015420ccb]
[safe-woodland-91444.herokuapp.com/collegeQuora/60f19e898230090015420c80/upvote/60f1a0f48230090015420cdf]
[safe-woodland-91444.herokuapp.com/collegeQuora/60f19e898230090015420c80/downvote/60f1a0f48230090015420cdf]
[safe-woodland-91444.herokuapp.com/collegeQuora/60f19e898230090015420c80/upvote/60f1a3828230090015420d23]
[safe-woodland-91444.herokuapp.com/collegeQuora/60f19e898230090015420c80/downvote/60f1a3828230090015420d23]
[safe-woodland-91444.herokuapp.com/collegeQuora/60f1a2018230090015420cf1/upvote/60f1a35e8230090015420d1a]
[safe-woodland-91444.herokuapp.com/collegeQuora/60f1a2018230090015420cf1/downvote/60f1a35e8230090015420d1a]
[safe-woodland-91444.herokuapp.com/collegeQuora/60f1a3c18230090015420d2d/upvote/60f1a56e8230090015420d48]
[safe-woodland-91444.herokuapp.com/collegeQuora/60f1a3c18230090015420d2d/downvote/60f1a56e8230090015420d48]
[safe-woodland-91444.herokuapp.com/collegeQuora/60f1a5288230090015420d3e/upvote/60f27ae579df120015c06ec5]
[safe-woodland-91444.herokuapp.com/collegeQuora/60f1a5288230090015420d3e/downvote/60f27ae579df120015c06ec5]
[safe-woodland-91444.herokuapp.com/collegeQuora/60f3d93b059c840015c40e6f/upvote/60f40ed5fa2efe0015cb5679]
[safe-woodland-91444.herokuapp.com/collegeQuora/60f3d93b059c840015c40e6f/downvote/60f40ed5fa2efe0015cb5679]
[safe-woodland-91444.herokuapp.com/collegeQuora/6101849fe968f400159650a6/upvote/61018591e968f400159650d7]
[safe-woodland-91444.herokuapp.com/collegeQuora/6101849fe968f400159650a6/downvote/61018591e968f400159650d7]
[safe-woodland-91444.herokuapp.com/collegeQuora/6101849fe968f400159650a6/upvote/61018c70e968f40015965142]
[safe-woodland-91444.herokuapp.com/collegeQuora/6101849fe968f400159650a6/downvote/61018c70e968f40015965142]
[safe-woodland-91444.herokuapp.com/collegeQuora/6103e1a1a665e00015229fb5/upvote/6103e95da665e0001522a051]
[safe-woodland-91444.herokuapp.com/collegeQuora/6103e1a1a665e00015229fb5/downvote/6103e95da665e0001522a051]
[safe-woodland-91444.herokuapp.com/collegeQuora/6103f650a665e0001522a0be/upvote/6103f7a1a665e0001522a0d0]
[safe-woodland-91444.herokuapp.com/collegeQuora/6103f650a665e0001522a0be/downvote/6103f7a1a665e0001522a0d0]
[safe-woodland-91444.herokuapp.com/profile/6103f791a665e0001522a0c6.html]
[safe-woodland-91444.herokuapp.com/collegeQuora/6103f650a665e0001522a0be/upvote/6104340e8d2b7b0015ff1ba8]
[safe-woodland-91444.herokuapp.com/collegeQuora/6103f650a665e0001522a0be/downvote/6104340e8d2b7b0015ff1ba8]
