[backblue.gif]
[fade.gif]
[index.html]
[cdn.jsdelivr.net/npm/bootstrap@5.0.0-beta3/dist/css/bootstrap.min.css]
[safe-woodland-91444.herokuapp.com/index.html]
[cdn.jsdelivr.net/npm/bootstrap@5.0.0-beta3/dist/css/bootstrap.min.css]
[cdn.jsdelivr.net/npm/bootstrap@5.0.0-beta3/dist/js/bootstrap.bundle.min.js]
[images.pexels.com/photos/356079/pexels-photo-356079f3e0.jpg]
[safe-woodland-91444.herokuapp.com/stylesheets/home.css]
[cdn.jsdelivr.net/npm/bootstrap@5.0.2/dist/css/bootstrap.min.css]
[cdn.jsdelivr.net/npm/bootstrap-icons@1.4.0/font/bootstrap-icons.css]
[safe-woodland-91444.herokuapp.com/javascripts/validateForm.js]
[safe-woodland-91444.herokuapp.com/javascripts/indexjs.js]
[cdn.jsdelivr.net/npm/bootstrap@5.0.2/dist/js/bootstrap.bundle.min.js]
[safe-woodland-91444.herokuapp.com/javascripts/voteColor.js]
[safe-woodland-91444.herokuapp.com/javascripts/validatePhotoes.js]
[safe-woodland-91444.herokuapp.com/collegeQuora.html]
[cdn.jsdelivr.net/npm/darkmode-js@1.5.7/lib/darkmode-js.min.js]
[upload.wikimedia.org/wikipedia/commons/thumb/5/53/Google__G__Logo.svg/512px-Google__G__Logo.svg.png]
[safe-woodland-91444.herokuapp.com/login.html]
[safe-woodland-91444.herokuapp.com/register.html]
[cdn.jsdelivr.net/npm/bootstrap@5.0.2/dist/css/bootstrap.min.css]
[cdn.jsdelivr.net/npm/bootstrap-icons@1.4.0/font/fonts/bootstrap-iconse36a.woff2]
[cdn.jsdelivr.net/npm/bootstrap-icons@1.4.0/font/fonts/bootstrap-iconse36a.woff]
[cdn.jsdelivr.net/npm/bootstrap-icons@1.4.0/font/bootstrap-icons.css]
[safe-woodland-91444.herokuapp.com/stylesheets/styleSheet.css]
[safe-woodland-91444.herokuapp.com/profile/60f1530109172300152b4b0b.html]
[res.cloudinary.com/dauxdhnsr/image/upload/v1627425466/College-Quora/ro7xqwsm6gpzkeeficmr.jpg]
[res.cloudinary.com/dauxdhnsr/image/upload/v1627489537/College-Quora/mxlhbdsplzasvodem51k.jpg]
[safe-woodland-91444.herokuapp.com/collegeQuora/60f1531009172300152b4b11.html]
[safe-woodland-91444.herokuapp.com/profile/60f19e5f8230090015420c7a.html]
[safe-woodland-91444.herokuapp.com/collegeQuora/60f19e898230090015420c80.html]
[safe-woodland-91444.herokuapp.com/profile/60f1a0368230090015420cbb.html]
[safe-woodland-91444.herokuapp.com/collegeQuora/60f1a2018230090015420cf1.html]
[safe-woodland-91444.herokuapp.com/collegeQuora/60f1a3c18230090015420d2d.html]
[safe-woodland-91444.herokuapp.com/collegeQuora/60f1a5288230090015420d3e.html]
[safe-woodland-91444.herokuapp.com/profile/60f3d8f5059c840015c40e69.html]
[safe-woodland-91444.herokuapp.com/collegeQuora/60f3d93b059c840015c40e6f.html]
[safe-woodland-91444.herokuapp.com/collegeQuora/60f3d93b059c840015c40e72.html]
[safe-woodland-91444.herokuapp.com/profile/610183b7e968f40015965095.html]
[res.cloudinary.com/dauxdhnsr/image/upload/v1627491440/College-Quora/qlyackofrktykjsyqbn4.jpg]
[safe-woodland-91444.herokuapp.com/collegeQuora/6101849fe968f400159650a6.html]
[safe-woodland-91444.herokuapp.com/profile/6103e085a665e00015229f3b.html]
[res.cloudinary.com/dauxdhnsr/image/upload/v1627646301/College-Quora/i6sxloia6jthcaljgabq.jpg]
[safe-woodland-91444.herokuapp.com/collegeQuora/6103e1a1a665e00015229fb5.html]
[safe-woodland-91444.herokuapp.com/profile/6103f601a665e0001522a0b3.html]
[safe-woodland-91444.herokuapp.com/collegeQuora/6103f650a665e0001522a0be.html]
[safe-woodland-91444.herokuapp.com/profile/62dd89c9f98b7b0015aebc1a.html]
[safe-woodland-91444.herokuapp.com/collegeQuora/62dd8a2ff98b7b0015aebc22.html]
[safe-woodland-91444.herokuapp.com/profile/60f19da78230090015420c6a.html]
[safe-woodland-91444.herokuapp.com/profile/6103f791a665e0001522a0c6.html]
